Flow report for DE2_115_GOLDEN_TOP
Wed May 31 10:50:40 2023
Quartus Prime Version 20.1.0 Build 711 06/05/2020 SJ Lite Edition


---------------------
; Table of Contents ;
---------------------
  1. Legal Notice
  2. Flow Summary
  3. Flow Settings
  4. Flow Non-Default Global Settings
  5. Flow Elapsed Time
  6. Flow OS Summary
  7. Flow Log
  8. Flow Messages
  9. Flow Suppressed Messages



----------------
; Legal Notice ;
----------------
Copyright (C) 2020  Intel Corporation. All rights reserved.
Your use of Intel Corporation's design tools, logic functions 
and other software and tools, and any partner logic 
functions, and any output files from any of the foregoing 
(including device programming or simulation files), and any 
associated documentation or information are expressly subject 
to the terms and conditions of the Intel Program License 
Subscription Agreement, the Intel Quartus Prime License Agreement,
the Intel FPGA IP License Agreement, or other applicable license
agreement, including, without limitation, that your use is for
the sole purpose of programming logic devices manufactured by
Intel and sold by Intel or its authorized distributors.  Please
refer to the applicable agreement for further details, at
https://fpgasoftware.intel.com/eula.



+----------------------------------------------------------------------------------+
; Flow Summary                                                                     ;
+------------------------------------+---------------------------------------------+
; Flow Status                        ; Successful - Wed May 31 10:50:35 2023       ;
; Quartus Prime Version              ; 20.1.0 Build 711 06/05/2020 SJ Lite Edition ;
; Revision Name                      ; DE2_115_GOLDEN_TOP                          ;
; Top-level Entity Name              ; DE2_115_GOLDEN_TOP                          ;
; Family                             ; Cyclone IV E                                ;
; Device                             ; EP4CE115F29C7                               ;
; Timing Models                      ; Final                                       ;
; Total logic elements               ; 829 / 114,480 ( < 1 % )                     ;
;     Total combinational functions  ; 829 / 114,480 ( < 1 % )                     ;
;     Dedicated logic registers      ; 13 / 114,480 ( < 1 % )                      ;
; Total registers                    ; 13                                          ;
; Total pins                         ; 518 / 529 ( 98 % )                          ;
; Total virtual pins                 ; 0                                           ;
; Total memory bits                  ; 0 / 3,981,312 ( 0 % )                       ;
; Embedded Multiplier 9-bit elements ; 0 / 532 ( 0 % )                             ;
; Total PLLs                         ; 0 / 4 ( 0 % )                               ;
+------------------------------------+---------------------------------------------+


+-----------------------------------------+
; Flow Settings                           ;
+-------------------+---------------------+
; Option            ; Setting             ;
+-------------------+---------------------+
; Start date & time ; 05/31/2023 10:49:33 ;
; Main task         ; Compilation         ;
; Revision Name     ; DE2_115_GOLDEN_TOP  ;
+-------------------+---------------------+


+---------------------------------------------------------------------------------------------------------------------------------------------------------------------------------------------------+
; Flow Non-Default Global Settings                                                                                                                                                                  ;
+-------------------------------------+------------------------------------------------------------------------------------------------------------------+---------------+-------------+------------+
; Assignment Name                     ; Value                                                                                                            ; Default Value ; Entity Name ; Section Id ;
+-------------------------------------+------------------------------------------------------------------------------------------------------------------+---------------+-------------+------------+
; COMPILER_SIGNATURE_ID               ; 167690722319401.168554097319184                                                                                  ; --            ; --          ; --         ;
; MAX_CORE_JUNCTION_TEMP              ; 85                                                                                                               ; --            ; --          ; --         ;
; MIN_CORE_JUNCTION_TEMP              ; 0                                                                                                                ; --            ; --          ; --         ;
; MISC_FILE                           ; D:/svn/DE2_115_GOLDEN_TOP/DE2_115_GOLDEN_TOP.dpf                                                                 ; --            ; --          ; --         ;
; MISC_FILE                           ; D:/Projects/DE2C4/trunk/test/DE2_115_GOLDEN_TOP/DE2_115_GOLDEN_TOP.dpf                                           ; --            ; --          ; --         ;
; MISC_FILE                           ; D:/Document/de2c4/DE2_115_GOLDEN_TOP/DE2_115_GOLDEN_TOP.dpf                                                      ; --            ; --          ; --         ;
; MISC_FILE                           ; E:/SVN/DE2_115/trunk/test/de2_115_golden_top/DE2_115_GOLDEN_TOP.dpf                                              ; --            ; --          ; --         ;
; MISC_FILE                           ; \\wuhan-file1\R3\RD\cd_rom\DE2_115_v1.0.5_CDROM\DE2_115_demonstrations\DE2_115_golden_top\DE2_115_GOLDEN_TOP.dpf ; --            ; --          ; --         ;
; MISC_FILE                           ; C:/Users/Administrator/Desktop/USB/de2_115_qsys/de2_115_qsys/DE2_115_golden_top/DE2_115_GOLDEN_TOP.dpf           ; --            ; --          ; --         ;
; NUM_PARALLEL_PROCESSORS             ; 2                                                                                                                ; --            ; --          ; --         ;
; PARTITION_COLOR                     ; -- (Not supported for targeted family)                                                                           ; --            ; --          ; Top        ;
; PARTITION_FITTER_PRESERVATION_LEVEL ; -- (Not supported for targeted family)                                                                           ; --            ; --          ; Top        ;
; PARTITION_NETLIST_TYPE              ; -- (Not supported for targeted family)                                                                           ; --            ; --          ; Top        ;
; POWER_BOARD_THERMAL_MODEL           ; None (CONSERVATIVE)                                                                                              ; --            ; --          ; --         ;
; POWER_PRESET_COOLING_SOLUTION       ; 23 MM HEAT SINK WITH 200 LFPM AIRFLOW                                                                            ; --            ; --          ; --         ;
; SMART_RECOMPILE                     ; On                                                                                                               ; Off           ; --          ; --         ;
+-------------------------------------+------------------------------------------------------------------------------------------------------------------+---------------+-------------+------------+


+--------------------------------------------------------------------------------------------------------------------------+
; Flow Elapsed Time                                                                                                        ;
+----------------------+--------------+-------------------------+---------------------+------------------------------------+
; Module Name          ; Elapsed Time ; Average Processors Used ; Peak Virtual Memory ; Total CPU Time (on all processors) ;
+----------------------+--------------+-------------------------+---------------------+------------------------------------+
; Analysis & Synthesis ; 00:00:25     ; 1.0                     ; 4738 MB             ; 00:00:33                           ;
; Fitter               ; 00:00:29     ; 1.0                     ; 5460 MB             ; 00:00:24                           ;
; Assembler            ; 00:00:05     ; 1.0                     ; 4703 MB             ; 00:00:03                           ;
; Timing Analyzer      ; 00:00:04     ; 1.0                     ; 4843 MB             ; 00:00:03                           ;
; Total                ; 00:01:03     ; --                      ; --                  ; 00:01:03                           ;
+----------------------+--------------+-------------------------+---------------------+------------------------------------+


+------------------------------------------------------------------------------------+
; Flow OS Summary                                                                    ;
+----------------------+------------------+------------+------------+----------------+
; Module Name          ; Machine Hostname ; OS Name    ; OS Version ; Processor type ;
+----------------------+------------------+------------+------------+----------------+
; Analysis & Synthesis ; Error404         ; Windows 10 ; 10.0       ; x86_64         ;
; Fitter               ; Error404         ; Windows 10 ; 10.0       ; x86_64         ;
; Assembler            ; Error404         ; Windows 10 ; 10.0       ; x86_64         ;
; Timing Analyzer      ; Error404         ; Windows 10 ; 10.0       ; x86_64         ;
+----------------------+------------------+------------+------------+----------------+


------------
; Flow Log ;
------------
quartus_map --read_settings_files=on --write_settings_files=off DE2_115_GOLDEN_TOP -c DE2_115_GOLDEN_TOP
quartus_fit --read_settings_files=off --write_settings_files=off DE2_115_GOLDEN_TOP -c DE2_115_GOLDEN_TOP
quartus_asm --read_settings_files=off --write_settings_files=off DE2_115_GOLDEN_TOP -c DE2_115_GOLDEN_TOP
quartus_sta DE2_115_GOLDEN_TOP -c DE2_115_GOLDEN_TOP



